C:\LECTURE NOTES\CS3241\LAB\FOLDER_SLFILES\DEBUG\MAIN.OBJ
C:\LECTURE NOTES\CS3241\LAB\FOLDER_SLFILES\DEBUG\VC110.PDB
C:\LECTURE NOTES\CS3241\LAB\FOLDER_SLFILES\DEBUG\LAB2.ILK
C:\LECTURE NOTES\CS3241\LAB\FOLDER_SLFILES\DEBUG\LAB2.EXE
C:\LECTURE NOTES\CS3241\LAB\FOLDER_SLFILES\DEBUG\LAB2.PDB
C:\Lecture Notes\CS3241\lab\Folder_SLFiles\Debug\main.obj
C:\Lecture Notes\CS3241\lab\Folder_SLFiles\Debug\lab2.ilk
C:\Lecture Notes\CS3241\lab\Folder_SLFiles\Debug\cl.command.1.tlog
C:\Lecture Notes\CS3241\lab\Folder_SLFiles\Debug\CL.read.1.tlog
C:\Lecture Notes\CS3241\lab\Folder_SLFiles\Debug\CL.write.1.tlog
C:\Lecture Notes\CS3241\lab\Folder_SLFiles\Debug\link-cvtres.read.1.tlog
C:\Lecture Notes\CS3241\lab\Folder_SLFiles\Debug\link-cvtres.write.1.tlog
C:\Lecture Notes\CS3241\lab\Folder_SLFiles\Debug\link-rc.read.1.tlog
C:\Lecture Notes\CS3241\lab\Folder_SLFiles\Debug\link-rc.write.1.tlog
C:\Lecture Notes\CS3241\lab\Folder_SLFiles\Debug\link.command.1.tlog
C:\Lecture Notes\CS3241\lab\Folder_SLFiles\Debug\link.read.1.tlog
C:\Lecture Notes\CS3241\lab\Folder_SLFiles\Debug\link.write.1.tlog
C:\Lecture Notes\CS3241\lab\Folder_SLFiles\Debug\vc110.idb
C:\Lecture Notes\CS3241\lab\Folder_SLFiles\Debug\lab2.pdb
C:\Lecture Notes\CS3241\lab\Folder_SLFiles\Debug\vc110.pdb
C:\Lecture Notes\CS3241\lab\Folder_SLFiles\Debug\lab2.exe
